<?xml version="1.0" encoding="UTF-8"?>
<testsuite name="lab03Test" tests="1" skipped="0" failures="0" errors="0" timestamp="2025-04-28T13:36:40" hostname="fedora" time="0.034">
  <properties/>
  <testcase name="trataErros()" classname="lab03Test" time="0.034"/>
  <system-out><![CDATA[Erro: Ingressos esgotados.
Erro: Cancelamento nÃ£o permitido.
]]></system-out>
  <system-err><![CDATA[]]></system-err>
</testsuite>
